/usr/local/lib/python3.6/site-packages/OpenSSL/_util.py:6: CryptographyDeprecationWarning: Python 3.6 is no longer supported by the Python core team. Therefore, support for it is deprecated in cryptography. The next release of cryptography will remove support for Python 3.6.
  from cryptography.hazmat.bindings.openssl.binding import Binding
Traceback (most recent call last):
  File "/usr/local/bin/daphne", line 8, in <module>
    sys.exit(CommandLineInterface.entrypoint())
  File "/usr/local/lib/python3.6/site-packages/daphne/cli.py", line 170, in entrypoint
    cls().run(sys.argv[1:])
  File "/usr/local/lib/python3.6/site-packages/daphne/cli.py", line 232, in run
    application = import_by_path(args.application)
  File "/usr/local/lib/python3.6/site-packages/daphne/utils.py", line 12, in import_by_path
    target = importlib.import_module(module_path)
  File "/usr/lib64/python3.6/importlib/__init__.py", line 126, in import_module
    return _bootstrap._gcd_import(name[level:], package, level)
  File "<frozen importlib._bootstrap>", line 994, in _gcd_import
  File "<frozen importlib._bootstrap>", line 971, in _find_and_load
  File "<frozen importlib._bootstrap>", line 941, in _find_and_load_unlocked
  File "<frozen importlib._bootstrap>", line 219, in _call_with_frames_removed
  File "<frozen importlib._bootstrap>", line 994, in _gcd_import
  File "<frozen importlib._bootstrap>", line 971, in _find_and_load
  File "<frozen importlib._bootstrap>", line 953, in _find_and_load_unlocked
ModuleNotFoundError: No module named 'your_django_project'
